<?xml version="1.0" encoding="UTF-8"?>
<!-- Generated by org.testng.reporters.JUnitReportReporter -->
<testsuite hostname="Suvarna" failures="0" tests="1" name="testCases.OrangeHRM" time="3.833" errors="0" timestamp="2024-06-09T16:36:36 IST" skipped="0">
  <testcase classname="testCases.OrangeHRM" name="enter_user_creds" time="3.833"/>
  <system-out/>
</testsuite> <!-- testCases.OrangeHRM -->
