<?xml version="1.0" encoding="UTF-8"?>
<!-- Generated by org.testng.reporters.JUnitReportReporter -->
<testsuite hostname="Suvarna" failures="0" tests="3" name="day1TestNG.CrossBrower_ParallelTesting" time="15.924" errors="0" timestamp="2024-06-09T14:57:40 IST" skipped="0">
  <testcase classname="day1TestNG.CrossBrower_ParallelTesting" name="loginToOrange" time="6.514"/>
  <system-out/>
  <testcase classname="day1TestNG.CrossBrower_ParallelTesting" name="loginToOrange" time="4.255"/>
  <system-out/>
  <testcase classname="day1TestNG.CrossBrower_ParallelTesting" name="loginToOrange" time="5.155"/>
  <system-out/>
</testsuite> <!-- day1TestNG.CrossBrower_ParallelTesting -->
