<?xml version="1.0" encoding="UTF-8"?>
<!-- Generated by org.testng.reporters.JUnitReportReporter -->
<testsuite hostname="Suvarna" failures="0" tests="2" name="day1TestNG.TestNG" time="0.015" errors="0" timestamp="2024-06-09T08:12:40 IST" skipped="0">
  <testcase classname="day1TestNG.TestNG" name="goToSignIn" time="0.013"/>
  <system-out/>
  <testcase classname="day1TestNG.TestNG" name="logoutoFAmazon" time="0.002"/>
  <system-out/>
</testsuite> <!-- day1TestNG.TestNG -->
