<?xml version="1.0" encoding="UTF-8"?>
<!-- Generated by org.testng.reporters.JUnitReportReporter -->
<testsuite hostname="Suvarna" failures="0" tests="20" name="day1TestNG.InvocationCount" time="0.049" errors="0" timestamp="2024-06-09T13:18:52 IST" skipped="0">
  <testcase classname="day1TestNG.InvocationCount" name="method1" time="0.001"/>
  <system-out/>
  <testcase classname="day1TestNG.InvocationCount" name="method1" time="0.000"/>
  <system-out/>
  <testcase classname="day1TestNG.InvocationCount" name="method1" time="0.002"/>
  <system-out/>
  <testcase classname="day1TestNG.InvocationCount" name="method1" time="0.010"/>
  <system-out/>
  <testcase classname="day1TestNG.InvocationCount" name="method1" time="0.001"/>
  <system-out/>
  <testcase classname="day1TestNG.InvocationCount" name="method1" time="0.001"/>
  <system-out/>
  <testcase classname="day1TestNG.InvocationCount" name="method1" time="0.001"/>
  <system-out/>
  <testcase classname="day1TestNG.InvocationCount" name="method1" time="0.001"/>
  <system-out/>
  <testcase classname="day1TestNG.InvocationCount" name="method1" time="0.001"/>
  <system-out/>
  <testcase classname="day1TestNG.InvocationCount" name="method1" time="0.000"/>
  <system-out/>
  <testcase classname="day1TestNG.InvocationCount" name="method1" time="0.001"/>
  <system-out/>
  <testcase classname="day1TestNG.InvocationCount" name="method1" time="0.001"/>
  <system-out/>
  <testcase classname="day1TestNG.InvocationCount" name="method1" time="0.000"/>
  <system-out/>
  <testcase classname="day1TestNG.InvocationCount" name="method1" time="0.001"/>
  <system-out/>
  <testcase classname="day1TestNG.InvocationCount" name="method1" time="0.001"/>
  <system-out/>
  <testcase classname="day1TestNG.InvocationCount" name="method1" time="0.001"/>
  <system-out/>
  <testcase classname="day1TestNG.InvocationCount" name="method1" time="0.002"/>
  <system-out/>
  <testcase classname="day1TestNG.InvocationCount" name="method1" time="0.001"/>
  <system-out/>
  <testcase classname="day1TestNG.InvocationCount" name="method1" time="0.020"/>
  <system-out/>
  <testcase classname="day1TestNG.InvocationCount" name="method1" time="0.003"/>
  <system-out/>
</testsuite> <!-- day1TestNG.InvocationCount -->
