<?xml version="1.0" encoding="UTF-8"?>
<!-- Generated by org.testng.reporters.JUnitReportReporter -->
<testsuite hostname="Suvarna" failures="0" tests="3" name="day1TestNG.CrossBrower_ParallelTesting" time="13.469" errors="0" timestamp="2024-06-09T16:59:32 IST" skipped="0">
  <testcase classname="day1TestNG.CrossBrower_ParallelTesting" name="loginToOrange" time="3.209"/>
  <system-out/>
  <testcase classname="day1TestNG.CrossBrower_ParallelTesting" name="loginToOrange" time="5.344"/>
  <system-out/>
  <testcase classname="day1TestNG.CrossBrower_ParallelTesting" name="loginToOrange" time="4.916"/>
  <system-out/>
</testsuite> <!-- day1TestNG.CrossBrower_ParallelTesting -->
